d:\cpp\salesystem\salesystem\x64\debug\salesystem.pch
d:\cpp\salesystem\salesystem\x64\debug\vc143.pdb
d:\cpp\salesystem\salesystem\x64\debug\vc143.idb
d:\cpp\salesystem\salesystem\x64\debug\pch.obj
d:\cpp\salesystem\salesystem\x64\debug\salesystemview.obj
d:\cpp\salesystem\salesystem\x64\debug\salesystemdoc.obj
d:\cpp\salesystem\salesystem\x64\debug\salesystem.obj
d:\cpp\salesystem\salesystem\x64\debug\mainfrm.obj
d:\cpp\salesystem\salesystem\x64\debug\cuserdlg.obj
d:\cpp\salesystem\salesystem\x64\debug\cselldlg.obj
d:\cpp\salesystem\salesystem\x64\debug\cselectview.obj
d:\cpp\salesystem\salesystem\x64\debug\clogindlg.obj
d:\cpp\salesystem\salesystem\x64\debug\cinfofile.obj
d:\cpp\salesystem\salesystem\x64\debug\cdisplayview.obj
d:\cpp\salesystem\salesystem\x64\debug\cdialogshow.obj
d:\cpp\salesystem\salesystem\x64\debug\cdeletedlg.obj
d:\cpp\salesystem\salesystem\x64\debug\cadddlg.obj
d:\cpp\salesystem\x64\debug\salesystem.exe
d:\cpp\salesystem\x64\debug\salesystem.pdb
d:\cpp\salesystem\salesystem\x64\debug\salesystem.res
d:\cpp\salesystem\salesystem\x64\debug\salesystem.ilk
d:\cpp\salesystem\salesystem\x64\debug\salesystem.tlog\cl.command.1.tlog
d:\cpp\salesystem\salesystem\x64\debug\salesystem.tlog\cl.items.tlog
d:\cpp\salesystem\salesystem\x64\debug\salesystem.tlog\cl.read.1.tlog
d:\cpp\salesystem\salesystem\x64\debug\salesystem.tlog\cl.write.1.tlog
d:\cpp\salesystem\salesystem\x64\debug\salesystem.tlog\link.command.1.tlog
d:\cpp\salesystem\salesystem\x64\debug\salesystem.tlog\link.read.1.tlog
d:\cpp\salesystem\salesystem\x64\debug\salesystem.tlog\link.secondary.1.tlog
d:\cpp\salesystem\salesystem\x64\debug\salesystem.tlog\link.write.1.tlog
d:\cpp\salesystem\salesystem\x64\debug\salesystem.tlog\rc.command.1.tlog
d:\cpp\salesystem\salesystem\x64\debug\salesystem.tlog\rc.read.1.tlog
d:\cpp\salesystem\salesystem\x64\debug\salesystem.tlog\rc.write.1.tlog
