  pch.cpp
  CAddDlg.cpp
D:\cpp\SaleSystem\CInfoFile.h(1,1): warning C4819: 该文件包含不能在当前代码页(936)中表示的字符。请将该文件保存为 Unicode 格式以防止数据丢失
  (编译源文件“/CAddDlg.cpp”)
  
  CDeleteDlg.cpp
D:\cpp\SaleSystem\CInfoFile.h(1,1): warning C4819: 该文件包含不能在当前代码页(936)中表示的字符。请将该文件保存为 Unicode 格式以防止数据丢失
  (编译源文件“/CDeleteDlg.cpp”)
  
  CDialogShow.cpp
D:\cpp\SaleSystem\CInfoFile.h(1,1): warning C4819: 该文件包含不能在当前代码页(936)中表示的字符。请将该文件保存为 Unicode 格式以防止数据丢失
  (编译源文件“/CDialogShow.cpp”)
  
  CDisplayView.cpp
  CInfoFile.cpp
D:\cpp\SaleSystem\CInfoFile.cpp(1,1): warning C4819: 该文件包含不能在当前代码页(936)中表示的字符。请将该文件保存为 Unicode 格式以防止数据丢失
D:\cpp\SaleSystem\CInfoFile.h(1,1): warning C4819: 该文件包含不能在当前代码页(936)中表示的字符。请将该文件保存为 Unicode 格式以防止数据丢失
  (编译源文件“/CInfoFile.cpp”)
  
  CLoginDlg.cpp
D:\cpp\SaleSystem\CInfoFile.h(1,1): warning C4819: 该文件包含不能在当前代码页(936)中表示的字符。请将该文件保存为 Unicode 格式以防止数据丢失
  (编译源文件“/CLoginDlg.cpp”)
  
  CSelectView.cpp
  CSellDlg.cpp
D:\cpp\SaleSystem\CInfoFile.h(1,1): warning C4819: 该文件包含不能在当前代码页(936)中表示的字符。请将该文件保存为 Unicode 格式以防止数据丢失
  (编译源文件“/CSellDlg.cpp”)
  
  CUserDlg.cpp
D:\cpp\SaleSystem\CInfoFile.h(1,1): warning C4819: 该文件包含不能在当前代码页(936)中表示的字符。请将该文件保存为 Unicode 格式以防止数据丢失
  (编译源文件“/CUserDlg.cpp”)
  
  MainFrm.cpp
D:\cpp\SaleSystem\CInfoFile.h(1,1): warning C4819: 该文件包含不能在当前代码页(936)中表示的字符。请将该文件保存为 Unicode 格式以防止数据丢失
  (编译源文件“/MainFrm.cpp”)
  
  SaleSystem.cpp
  SaleSystemDoc.cpp
  SaleSystemView.cpp
  正在生成代码...
SaleSystem.rc(178): warning RC2182: duplicate dialog control ID 65535
  
  SaleSystem.vcxproj -> D:\cpp\SaleSystem\x64\Debug\SaleSystem.exe
